<?xml version="1.0" encoding="UTF-8"?>
<!-- Generated by org.testng.reporters.JUnitReportReporter -->
<testsuite hostname="Yen-PC" name="lannt.Test.RegisTest" tests="1" failures="0" timestamp="14 Mar 2016 15:12:48 GMT" time="10.927" errors="0">
  <testcase name="testRegisPass" time="10.927" classname="lannt.Test.RegisTest"/>
</testsuite> <!-- lannt.Test.RegisTest -->
