<?xml version="1.0" encoding="UTF-8"?>
<!-- Generated by org.testng.reporters.JUnitReportReporter -->
<testsuite hostname="Yen-PC" name="lannt.Test.LoginTest" tests="1" failures="0" timestamp="14 Mar 2016 15:03:44 GMT" time="11.485" errors="0">
  <testcase name="testLoginFail" time="11.485" classname="lannt.Test.LoginTest"/>
</testsuite> <!-- lannt.Test.LoginTest -->
