<?xml version="1.0" encoding="UTF-8"?>
<!-- Generated by org.testng.reporters.JUnitReportReporter -->
<testsuite hostname="Yen-PC" name="lannt.Test.SearchTest" tests="2" failures="0" timestamp="14 Mar 2016 15:03:44 GMT" time="17.998" errors="0">
  <testcase name="SearchWithoutData" time="13.041" classname="lannt.Test.SearchTest"/>
  <testcase name="SearchWithData" time="4.957" classname="lannt.Test.SearchTest"/>
</testsuite> <!-- lannt.Test.SearchTest -->
