<?xml version="1.0" encoding="UTF-8"?>
<!-- Generated by org.testng.reporters.JUnitReportReporter -->
<testsuite hostname="Yen-PC" name="lannt.Test.LoginTest" tests="1" failures="0" timestamp="14 Mar 2016 15:17:51 GMT" time="10.217" errors="0">
  <testcase name="testLoginFail" time="10.217" classname="lannt.Test.LoginTest"/>
</testsuite> <!-- lannt.Test.LoginTest -->
