<?xml version="1.0" encoding="UTF-8"?>
<!-- Generated by org.testng.reporters.JUnitReportReporter -->
<testsuite hostname="Yen-PC" name="lannt.Test.SearchTest" tests="2" failures="0" timestamp="14 Mar 2016 15:17:51 GMT" time="18.160" errors="0">
  <testcase name="SearchWithData" time="4.906" classname="lannt.Test.SearchTest"/>
  <testcase name="SearchWithoutData" time="13.254" classname="lannt.Test.SearchTest"/>
</testsuite> <!-- lannt.Test.SearchTest -->
